# JRE version: OpenJDK Runtime Environment (7.0_51) (build 1.7.0_51-b00)
# Java VM: OpenJDK 64-Bit Server VM (24.45-b08 mixed mode linux-amd64 compressed oops)
Heap
 PSYoungGen      total 3387904K, used 794827K [0x00000006aaa80000, 0x0000000800000000, 0x0000000800000000)
  eden space 2250240K, 0% used [0x00000006aaa80000,0x00000006aaa80000,0x0000000734000000)
  from space 1137664K, 69% used [0x0000000734000000,0x0000000764832e90,0x0000000779700000)
  to   space 1729024K, 0% used [0x0000000796780000,0x0000000796780000,0x0000000800000000)
 ParOldGen       total 5178368K, used 5178020K [0x0000000400000000, 0x000000053c100000, 0x00000006aaa80000)
  object space 5178368K, 99% used [0x0000000400000000,0x000000053c0a9210,0x000000053c100000)
 PSPermGen       total 21504K, used 4856K [0x00000003f5a00000, 0x00000003f6f00000, 0x0000000400000000)
  object space 21504K, 22% used [0x00000003f5a00000,0x00000003f5ebe180,0x00000003f6f00000)
GC Heap History (10 events):
Event: 1205.132 GC heap after
Heap after GC invocations=36 (full 5):
 PSYoungGen      total 4424704K, used 904256K [0x00000006aaa80000, 0x0000000800000000, 0x0000000800000000)
  eden space 3520000K, 0% used [0x00000006aaa80000,0x00000006aaa80000,0x0000000781800000)
  from space 904704K, 99% used [0x0000000781800000,0x00000007b8b10000,0x00000007b8b80000)
  to   space 1137152K, 0% used [0x00000007ba980000,0x00000007ba980000,0x0000000800000000)
 ParOldGen       total 5178368K, used 4435016K [0x0000000400000000, 0x000000053c100000, 0x00000006aaa80000)
  object space 5178368K, 85% used [0x0000000400000000,0x000000050eb123e0,0x000000053c100000)
 PSPermGen       total 21504K, used 4856K [0x00000003f5a00000, 0x00000003f6f00000, 0x0000000400000000)
  object space 21504K, 22% used [0x00000003f5a00000,0x00000003f5ebe008,0x00000003f6f00000)
}
Event: 1211.490 GC heap before
{Heap before GC invocations=37 (full 5):
 PSYoungGen      total 4424704K, used 4424256K [0x00000006aaa80000, 0x0000000800000000, 0x0000000800000000)
  eden space 3520000K, 100% used [0x00000006aaa80000,0x0000000781800000,0x0000000781800000)
  from space 904704K, 99% used [0x0000000781800000,0x00000007b8b10000,0x00000007b8b80000)
  to   space 1137152K, 0% used [0x00000007ba980000,0x00000007ba980000,0x0000000800000000)
 ParOldGen       total 5178368K, used 4435016K [0x0000000400000000, 0x000000053c100000, 0x00000006aaa80000)
  object space 5178368K, 85% used [0x0000000400000000,0x000000050eb123e0,0x000000053c100000)
 PSPermGen       total 21504K, used 4856K [0x00000003f5a00000, 0x00000003f6f00000, 0x0000000400000000)
  object space 21504K, 22% used [0x00000003f5a00000,0x00000003f5ebe008,0x00000003f6f00000)
Event: 1212.258 GC heap after
Heap after GC invocations=37 (full 5):
 PSYoungGen      total 4156416K, used 1093248K [0x00000006aaa80000, 0x0000000800000000, 0x0000000800000000)
  eden space 3019264K, 0% used [0x00000006aaa80000,0x00000006aaa80000,0x0000000762f00000)
  from space 1137152K, 96% used [0x00000007ba980000,0x00000007fd520000,0x0000000800000000)
  to   space 1286656K, 0% used [0x0000000762f00000,0x0000000762f00000,0x00000007b1780000)
 ParOldGen       total 5178368K, used 4435016K [0x0000000400000000, 0x000000053c100000, 0x00000006aaa80000)
  object space 5178368K, 85% used [0x0000000400000000,0x000000050eb123e0,0x000000053c100000)
 PSPermGen       total 21504K, used 4856K [0x00000003f5a00000, 0x00000003f6f00000, 0x0000000400000000)
  object space 21504K, 22% used [0x00000003f5a00000,0x00000003f5ebe008,0x00000003f6f00000)
}
Event: 1217.096 GC heap before
{Heap before GC invocations=38 (full 5):
 PSYoungGen      total 4156416K, used 4112512K [0x00000006aaa80000, 0x0000000800000000, 0x0000000800000000)
  eden space 3019264K, 100% used [0x00000006aaa80000,0x0000000762f00000,0x0000000762f00000)
  from space 1137152K, 96% used [0x00000007ba980000,0x00000007fd520000,0x0000000800000000)
  to   space 1286656K, 0% used [0x0000000762f00000,0x0000000762f00000,0x00000007b1780000)
 ParOldGen       total 5178368K, used 4435016K [0x0000000400000000, 0x000000053c100000, 0x00000006aaa80000)
  object space 5178368K, 85% used [0x0000000400000000,0x000000050eb123e0,0x000000053c100000)
 PSPermGen       total 21504K, used 4856K [0x00000003f5a00000, 0x00000003f6f00000, 0x0000000400000000)
  object space 21504K, 22% used [0x00000003f5a00000,0x00000003f5ebe008,0x00000003f6f00000)
Event: 1217.944 GC heap after
Heap after GC invocations=38 (full 5):
 PSYoungGen      total 4276224K, used 1256704K [0x00000006aaa80000, 0x0000000800000000, 0x0000000800000000)
  eden space 3019264K, 0% used [0x00000006aaa80000,0x00000006aaa80000,0x0000000762f00000)
  from space 1256960K, 99% used [0x0000000762f00000,0x00000007afa40000,0x00000007afa80000)
  to   space 1316352K, 0% used [0x00000007afa80000,0x00000007afa80000,0x0000000800000000)
 ParOldGen       total 5178368K, used 4435016K [0x0000000400000000, 0x000000053c100000, 0x00000006aaa80000)
  object space 5178368K, 85% used [0x0000000400000000,0x000000050eb123e0,0x000000053c100000)
 PSPermGen       total 21504K, used 4856K [0x00000003f5a00000, 0x00000003f6f00000, 0x0000000400000000)
  object space 21504K, 22% used [0x00000003f5a00000,0x00000003f5ebe008,0x00000003f6f00000)
}
Event: 1223.219 GC heap before
{Heap before GC invocations=39 (full 5):
 PSYoungGen      total 4276224K, used 4275968K [0x00000006aaa80000, 0x0000000800000000, 0x0000000800000000)
  eden space 3019264K, 100% used [0x00000006aaa80000,0x0000000762f00000,0x0000000762f00000)
  from space 1256960K, 99% used [0x0000000762f00000,0x00000007afa40000,0x00000007afa80000)
  to   space 1316352K, 0% used [0x00000007afa80000,0x00000007afa80000,0x0000000800000000)
 ParOldGen       total 5178368K, used 4435016K [0x0000000400000000, 0x000000053c100000, 0x00000006aaa80000)
  object space 5178368K, 85% used [0x0000000400000000,0x000000050eb123e0,0x000000053c100000)
 PSPermGen       total 21504K, used 4856K [0x00000003f5a00000, 0x00000003f6f00000, 0x0000000400000000)
  object space 21504K, 22% used [0x00000003f5a00000,0x00000003f5ebe180,0x00000003f6f00000)
Event: 1224.274 GC heap after
Heap after GC invocations=39 (full 5):
 PSYoungGen      total 3566592K, used 1316352K [0x00000006aaa80000, 0x0000000800000000, 0x0000000800000000)
  eden space 2250240K, 0% used [0x00000006aaa80000,0x00000006aaa80000,0x0000000734000000)
  from space 1316352K, 100% used [0x00000007afa80000,0x0000000800000000,0x0000000800000000)
  to   space 1671168K, 0% used [0x0000000734000000,0x0000000734000000,0x000000079a000000)
 ParOldGen       total 5178368K, used 4540064K [0x0000000400000000, 0x000000053c100000, 0x00000006aaa80000)
  object space 5178368K, 87% used [0x0000000400000000,0x00000005151a83e0,0x000000053c100000)
 PSPermGen       total 21504K, used 4856K [0x00000003f5a00000, 0x00000003f6f00000, 0x0000000400000000)
  object space 21504K, 22% used [0x00000003f5a00000,0x00000003f5ebe180,0x00000003f6f00000)
}
Event: 1228.087 GC heap before
{Heap before GC invocations=40 (full 5):
 PSYoungGen      total 3566592K, used 3566592K [0x00000006aaa80000, 0x0000000800000000, 0x0000000800000000)
  eden space 2250240K, 100% used [0x00000006aaa80000,0x0000000734000000,0x0000000734000000)
  from space 1316352K, 100% used [0x00000007afa80000,0x0000000800000000,0x0000000800000000)
  to   space 1671168K, 0% used [0x0000000734000000,0x0000000734000000,0x000000079a000000)
 ParOldGen       total 5178368K, used 4540064K [0x0000000400000000, 0x000000053c100000, 0x00000006aaa80000)
  object space 5178368K, 87% used [0x0000000400000000,0x00000005151a83e0,0x000000053c100000)
 PSPermGen       total 21504K, used 4856K [0x00000003f5a00000, 0x00000003f6f00000, 0x0000000400000000)
  object space 21504K, 22% used [0x00000003f5a00000,0x00000003f5ebe180,0x00000003f6f00000)
Event: 1229.586 GC heap after
Heap after GC invocations=40 (full 5):
 PSYoungGen      total 3387904K, used 1137184K [0x00000006aaa80000, 0x0000000800000000, 0x0000000800000000)
  eden space 2250240K, 0% used [0x00000006aaa80000,0x00000006aaa80000,0x0000000734000000)
  from space 1137664K, 99% used [0x0000000734000000,0x0000000779688000,0x0000000779700000)
  to   space 1729024K, 0% used [0x0000000796780000,0x0000000796780000,0x0000000800000000)
 ParOldGen       total 5178368K, used 4841144K [0x0000000400000000, 0x000000053c100000, 0x00000006aaa80000)
  object space 5178368K, 93% used [0x0000000400000000,0x00000005277ae3e0,0x000000053c100000)
 PSPermGen       total 21504K, used 4856K [0x00000003f5a00000, 0x00000003f6f00000, 0x0000000400000000)
  object space 21504K, 22% used [0x00000003f5a00000,0x00000003f5ebe180,0x00000003f6f00000)
}
Event: 1229.586 GC heap before
{Heap before GC invocations=41 (full 6):
 PSYoungGen      total 3387904K, used 1137184K [0x00000006aaa80000, 0x0000000800000000, 0x0000000800000000)
  eden space 2250240K, 0% used [0x00000006aaa80000,0x00000006aaa80000,0x0000000734000000)
  from space 1137664K, 99% used [0x0000000734000000,0x0000000779688000,0x0000000779700000)
  to   space 1729024K, 0% used [0x0000000796780000,0x0000000796780000,0x0000000800000000)
 ParOldGen       total 5178368K, used 4841144K [0x0000000400000000, 0x000000053c100000, 0x00000006aaa80000)
  object space 5178368K, 93% used [0x0000000400000000,0x00000005277ae3e0,0x000000053c100000)
 PSPermGen       total 21504K, used 4856K [0x00000003f5a00000, 0x00000003f6f00000, 0x0000000400000000)
  object space 21504K, 22% used [0x00000003f5a00000,0x00000003f5ebe180,0x00000003f6f00000)

