<?xml version="1.0" encoding="UTF-8" ?>
<testsuite errors="25" failures="0" hostname="brawners-mbp.home" name="edu.brown.cs.h2r.baking.Testing.BakingTestSuite" skipped="0" tests="26" time="0.153" timestamp="2014-08-22T05:16:35">
  <properties>
[...]
</properties>
  <testcase classname="edu.brown.cs.h2r.baking.Testing.TestIngredientRecipe" name="testPecanPie" time="0.015">
    <error message="File Combinations.yaml does not exist in directory /Users/brawner/workspace/baking/classes/./" type="java.lang.RuntimeException">java.lang.RuntimeException: File Combinations.yaml does not exist in directory /Users/brawner/workspace/baking/classes/./
	at edu.brown.cs.h2r.baking.Knowledgebase.BakingParser.generateMap(Unknown Source)
	at edu.brown.cs.h2r.baking.Knowledgebase.BakingParser.&lt;init&gt;(Unknown Source)
	at edu.brown.cs.h2r.baking.Knowledgebase.IngredientKnowledgebase.&lt;init&gt;(Unknown Source)
	at edu.brown.cs.h2r.baking.Recipes.Recipe.&lt;init&gt;(Unknown Source)
	at edu.brown.cs.h2r.baking.Recipes.PecanPie.&lt;init&gt;(Unknown Source)
	at edu.brown.cs.h2r.baking.Testing.TestIngredientRecipe.testPecanPie(Unknown Source)
</error>
  </testcase>
  <testcase classname="edu.brown.cs.h2r.baking.Testing.TestIngredientRecipe" name="testBrownies" time="0.0040">
    <error message="File Combinations.yaml does not exist in directory /Users/brawner/workspace/baking/classes/./" type="java.lang.RuntimeException">java.lang.RuntimeException: File Combinations.yaml does not exist in directory /Users/brawner/workspace/baking/classes/./
	at edu.brown.cs.h2r.baking.Knowledgebase.BakingParser.generateMap(Unknown Source)
	at edu.brown.cs.h2r.baking.Knowledgebase.BakingParser.&lt;init&gt;(Unknown Source)
	at edu.brown.cs.h2r.baking.Knowledgebase.IngredientKnowledgebase.&lt;init&gt;(Unknown Source)
	at edu.brown.cs.h2r.baking.Recipes.Recipe.&lt;init&gt;(Unknown Source)
	at edu.brown.cs.h2r.baking.Recipes.Brownies.&lt;init&gt;(Unknown Source)
	at edu.brown.cs.h2r.baking.Testing.TestIngredientRecipe.testBrownies(Unknown Source)
</error>
  </testcase>
  <testcase classname="edu.brown.cs.h2r.baking.Testing.TestIngredientRecipe" name="testCucumberSalad" time="0.0040">
    <error message="File Combinations.yaml does not exist in directory /Users/brawner/workspace/baking/classes/./" type="java.lang.RuntimeException">java.lang.RuntimeException: File Combinations.yaml does not exist in directory /Users/brawner/workspace/baking/classes/./
	at edu.brown.cs.h2r.baking.Knowledgebase.BakingParser.generateMap(Unknown Source)
	at edu.brown.cs.h2r.baking.Knowledgebase.BakingParser.&lt;init&gt;(Unknown Source)
	at edu.brown.cs.h2r.baking.Knowledgebase.IngredientKnowledgebase.&lt;init&gt;(Unknown Source)
	at edu.brown.cs.h2r.baking.Recipes.Recipe.&lt;init&gt;(Unknown Source)
	at edu.brown.cs.h2r.baking.Recipes.CucumberSalad.&lt;init&gt;(Unknown Source)
	at edu.brown.cs.h2r.baking.Testing.TestIngredientRecipe.testCucumberSalad(Unknown Source)
</error>
  </testcase>
  <testcase classname="edu.brown.cs.h2r.baking.Testing.TestIngredientRecipe" name="testDeviledEggs" time="0.0050">
    <error message="File Combinations.yaml does not exist in directory /Users/brawner/workspace/baking/classes/./" type="java.lang.RuntimeException">java.lang.RuntimeException: File Combinations.yaml does not exist in directory /Users/brawner/workspace/baking/classes/./
	at edu.brown.cs.h2r.baking.Knowledgebase.BakingParser.generateMap(Unknown Source)
	at edu.brown.cs.h2r.baking.Knowledgebase.BakingParser.&lt;init&gt;(Unknown Source)
	at edu.brown.cs.h2r.baking.Knowledgebase.IngredientKnowledgebase.&lt;init&gt;(Unknown Source)
	at edu.brown.cs.h2r.baking.Recipes.Recipe.&lt;init&gt;(Unknown Source)
	at edu.brown.cs.h2r.baking.Recipes.DeviledEggs.&lt;init&gt;(Unknown Source)
	at edu.brown.cs.h2r.baking.Testing.TestIngredientRecipe.testDeviledEggs(Unknown Source)
</error>
  </testcase>
  <testcase classname="edu.brown.cs.h2r.baking.Testing.TestIngredientRecipe" name="testMashedPotatoes" time="0.0040">
    <error message="File Combinations.yaml does not exist in directory /Users/brawner/workspace/baking/classes/./" type="java.lang.RuntimeException">java.lang.RuntimeException: File Combinations.yaml does not exist in directory /Users/brawner/workspace/baking/classes/./
	at edu.brown.cs.h2r.baking.Knowledgebase.BakingParser.generateMap(Unknown Source)
	at edu.brown.cs.h2r.baking.Knowledgebase.BakingParser.&lt;init&gt;(Unknown Source)
	at edu.brown.cs.h2r.baking.Knowledgebase.IngredientKnowledgebase.&lt;init&gt;(Unknown Source)
	at edu.brown.cs.h2r.baking.Recipes.Recipe.&lt;init&gt;(Unknown Source)
	at edu.brown.cs.h2r.baking.Recipes.MashedPotatoes.&lt;init&gt;(Unknown Source)
	at edu.brown.cs.h2r.baking.Testing.TestIngredientRecipe.testMashedPotatoes(Unknown Source)
</error>
  </testcase>
  <testcase classname="edu.brown.cs.h2r.baking.Testing.TestIngredientRecipe" name="testMoltenLavaCake" time="0.0040">
    <error message="File Combinations.yaml does not exist in directory /Users/brawner/workspace/baking/classes/./" type="java.lang.RuntimeException">java.lang.RuntimeException: File Combinations.yaml does not exist in directory /Users/brawner/workspace/baking/classes/./
	at edu.brown.cs.h2r.baking.Knowledgebase.BakingParser.generateMap(Unknown Source)
	at edu.brown.cs.h2r.baking.Knowledgebase.BakingParser.&lt;init&gt;(Unknown Source)
	at edu.brown.cs.h2r.baking.Knowledgebase.IngredientKnowledgebase.&lt;init&gt;(Unknown Source)
	at edu.brown.cs.h2r.baking.Recipes.Recipe.&lt;init&gt;(Unknown Source)
	at edu.brown.cs.h2r.baking.Recipes.MoltenLavaCake.&lt;init&gt;(Unknown Source)
	at edu.brown.cs.h2r.baking.Testing.TestIngredientRecipe.testMoltenLavaCake(Unknown Source)
</error>
  </testcase>
  <testcase classname="edu.brown.cs.h2r.baking.Testing.TestIngredientRecipe" name="testPeanutButterCookies" time="0.0030">
    <error message="File Combinations.yaml does not exist in directory /Users/brawner/workspace/baking/classes/./" type="java.lang.RuntimeException">java.lang.RuntimeException: File Combinations.yaml does not exist in directory /Users/brawner/workspace/baking/classes/./
	at edu.brown.cs.h2r.baking.Knowledgebase.BakingParser.generateMap(Unknown Source)
	at edu.brown.cs.h2r.baking.Knowledgebase.BakingParser.&lt;init&gt;(Unknown Source)
	at edu.brown.cs.h2r.baking.Knowledgebase.IngredientKnowledgebase.&lt;init&gt;(Unknown Source)
	at edu.brown.cs.h2r.baking.Recipes.Recipe.&lt;init&gt;(Unknown Source)
	at edu.brown.cs.h2r.baking.Recipes.PeanutButterCookies.&lt;init&gt;(Unknown Source)
	at edu.brown.cs.h2r.baking.Testing.TestIngredientRecipe.testPeanutButterCookies(Unknown Source)
</error>
  </testcase>
  <testcase classname="edu.brown.cs.h2r.baking.Testing.TestRecipeSuccess" name="testSwappedIngredientsSuccess" time="0.013">
    <error message="File Combinations.yaml does not exist in directory /Users/brawner/workspace/baking/classes/./" type="java.lang.RuntimeException">java.lang.RuntimeException: File Combinations.yaml does not exist in directory /Users/brawner/workspace/baking/classes/./
	at edu.brown.cs.h2r.baking.Knowledgebase.BakingParser.generateMap(Unknown Source)
	at edu.brown.cs.h2r.baking.Knowledgebase.BakingParser.&lt;init&gt;(Unknown Source)
	at edu.brown.cs.h2r.baking.Knowledgebase.IngredientKnowledgebase.&lt;init&gt;(Unknown Source)
	at edu.brown.cs.h2r.baking.Recipes.Recipe.&lt;init&gt;(Unknown Source)
	at edu.brown.cs.h2r.baking.Recipes.PecanPie.&lt;init&gt;(Unknown Source)
	at edu.brown.cs.h2r.baking.Testing.TestRecipeSuccess.testSwappedIngredientsSuccess(Unknown Source)
</error>
  </testcase>
  <testcase classname="edu.brown.cs.h2r.baking.Testing.TestRecipeSuccess" name="testSwappedCombinationSuccess" time="0.0020">
    <error message="File Combinations.yaml does not exist in directory /Users/brawner/workspace/baking/classes/./" type="java.lang.RuntimeException">java.lang.RuntimeException: File Combinations.yaml does not exist in directory /Users/brawner/workspace/baking/classes/./
	at edu.brown.cs.h2r.baking.Knowledgebase.BakingParser.generateMap(Unknown Source)
	at edu.brown.cs.h2r.baking.Knowledgebase.BakingParser.&lt;init&gt;(Unknown Source)
	at edu.brown.cs.h2r.baking.Knowledgebase.IngredientKnowledgebase.&lt;init&gt;(Unknown Source)
	at edu.brown.cs.h2r.baking.Recipes.Recipe.&lt;init&gt;(Unknown Source)
	at edu.brown.cs.h2r.baking.Recipes.DeviledEggs.&lt;init&gt;(Unknown Source)
	at edu.brown.cs.h2r.baking.Testing.TestRecipeSuccess.testSwappedCombinationSuccess(Unknown Source)
</error>
  </testcase>
  <testcase classname="edu.brown.cs.h2r.baking.Testing.TestRecipeFailure" name="badAttributesSubgoal" time="0.0020">
    <error message="File Combinations.yaml does not exist in directory /Users/brawner/workspace/baking/classes/./" type="java.lang.RuntimeException">java.lang.RuntimeException: File Combinations.yaml does not exist in directory /Users/brawner/workspace/baking/classes/./
	at edu.brown.cs.h2r.baking.Knowledgebase.BakingParser.generateMap(Unknown Source)
	at edu.brown.cs.h2r.baking.Knowledgebase.BakingParser.&lt;init&gt;(Unknown Source)
	at edu.brown.cs.h2r.baking.Knowledgebase.IngredientKnowledgebase.&lt;init&gt;(Unknown Source)
	at edu.brown.cs.h2r.baking.Recipes.Recipe.&lt;init&gt;(Unknown Source)
	at edu.brown.cs.h2r.baking.Recipes.MashedPotatoes.&lt;init&gt;(Unknown Source)
	at edu.brown.cs.h2r.baking.Testing.TestRecipeFailure.badAttributesSubgoal(Unknown Source)
</error>
  </testcase>
  <testcase classname="edu.brown.cs.h2r.baking.Testing.TestRecipeFailure" name="extraTraitIngredient" time="0.0020">
    <error message="File Combinations.yaml does not exist in directory /Users/brawner/workspace/baking/classes/./" type="java.lang.RuntimeException">java.lang.RuntimeException: File Combinations.yaml does not exist in directory /Users/brawner/workspace/baking/classes/./
	at edu.brown.cs.h2r.baking.Knowledgebase.BakingParser.generateMap(Unknown Source)
	at edu.brown.cs.h2r.baking.Knowledgebase.BakingParser.&lt;init&gt;(Unknown Source)
	at edu.brown.cs.h2r.baking.Knowledgebase.IngredientKnowledgebase.&lt;init&gt;(Unknown Source)
	at edu.brown.cs.h2r.baking.Recipes.Recipe.&lt;init&gt;(Unknown Source)
	at edu.brown.cs.h2r.baking.Recipes.MashedPotatoes.&lt;init&gt;(Unknown Source)
	at edu.brown.cs.h2r.baking.Testing.TestRecipeFailure.extraTraitIngredient(Unknown Source)
</error>
  </testcase>
  <testcase classname="edu.brown.cs.h2r.baking.Testing.TestRecipeFailure" name="extraIngredientInSubgoal" time="0.0020">
    <error message="File Combinations.yaml does not exist in directory /Users/brawner/workspace/baking/classes/./" type="java.lang.RuntimeException">java.lang.RuntimeException: File Combinations.yaml does not exist in directory /Users/brawner/workspace/baking/classes/./
	at edu.brown.cs.h2r.baking.Knowledgebase.BakingParser.generateMap(Unknown Source)
	at edu.brown.cs.h2r.baking.Knowledgebase.BakingParser.&lt;init&gt;(Unknown Source)
	at edu.brown.cs.h2r.baking.Knowledgebase.IngredientKnowledgebase.&lt;init&gt;(Unknown Source)
	at edu.brown.cs.h2r.baking.Recipes.Recipe.&lt;init&gt;(Unknown Source)
	at edu.brown.cs.h2r.baking.Recipes.CucumberSalad.&lt;init&gt;(Unknown Source)
	at edu.brown.cs.h2r.baking.Testing.TestRecipeFailure.extraIngredientInSubgoal(Unknown Source)
</error>
  </testcase>
  <testcase classname="edu.brown.cs.h2r.baking.Testing.TestRecipeFailure" name="cantCompleteRecipe" time="0.0030">
    <error message="File Combinations.yaml does not exist in directory /Users/brawner/workspace/baking/classes/./" type="java.lang.RuntimeException">java.lang.RuntimeException: File Combinations.yaml does not exist in directory /Users/brawner/workspace/baking/classes/./
	at edu.brown.cs.h2r.baking.Knowledgebase.BakingParser.generateMap(Unknown Source)
	at edu.brown.cs.h2r.baking.Knowledgebase.BakingParser.&lt;init&gt;(Unknown Source)
	at edu.brown.cs.h2r.baking.Knowledgebase.IngredientKnowledgebase.&lt;init&gt;(Unknown Source)
	at edu.brown.cs.h2r.baking.Recipes.Recipe.&lt;init&gt;(Unknown Source)
	at edu.brown.cs.h2r.baking.Recipes.MashedPotatoes.&lt;init&gt;(Unknown Source)
	at edu.brown.cs.h2r.baking.Testing.TestRecipeFailure.cantCompleteRecipe(Unknown Source)
</error>
  </testcase>
  <testcase classname="edu.brown.cs.h2r.baking.Testing.TestRecipeFailure" name="notEnoughIngredient" time="0.0020">
    <error message="File Combinations.yaml does not exist in directory /Users/brawner/workspace/baking/classes/./" type="java.lang.RuntimeException">java.lang.RuntimeException: File Combinations.yaml does not exist in directory /Users/brawner/workspace/baking/classes/./
	at edu.brown.cs.h2r.baking.Knowledgebase.BakingParser.generateMap(Unknown Source)
	at edu.brown.cs.h2r.baking.Knowledgebase.BakingParser.&lt;init&gt;(Unknown Source)
	at edu.brown.cs.h2r.baking.Knowledgebase.IngredientKnowledgebase.&lt;init&gt;(Unknown Source)
	at edu.brown.cs.h2r.baking.Recipes.Recipe.&lt;init&gt;(Unknown Source)
	at edu.brown.cs.h2r.baking.Recipes.MashedPotatoes.&lt;init&gt;(Unknown Source)
	at edu.brown.cs.h2r.baking.Testing.TestRecipeFailure.notEnoughIngredient(Unknown Source)
</error>
  </testcase>
  <testcase classname="edu.brown.cs.h2r.baking.Testing.TestActions" name="testMixAction" time="0.0030">
    <error message="File Combinations.yaml does not exist in directory /Users/brawner/workspace/baking/classes/./" type="java.lang.RuntimeException">java.lang.RuntimeException: File Combinations.yaml does not exist in directory /Users/brawner/workspace/baking/classes/./
	at edu.brown.cs.h2r.baking.Knowledgebase.BakingParser.generateMap(Unknown Source)
	at edu.brown.cs.h2r.baking.Knowledgebase.BakingParser.&lt;init&gt;(Unknown Source)
	at edu.brown.cs.h2r.baking.Knowledgebase.IngredientKnowledgebase.&lt;init&gt;(Unknown Source)
	at edu.brown.cs.h2r.baking.Recipes.Recipe.&lt;init&gt;(Unknown Source)
	at edu.brown.cs.h2r.baking.Recipes.Brownies.&lt;init&gt;(Unknown Source)
	at edu.brown.cs.h2r.baking.Testing.TestActions.testMixAction(Unknown Source)
</error>
  </testcase>
  <testcase classname="edu.brown.cs.h2r.baking.Testing.TestActions" name="testMixActionOnStove" time="0.0020">
    <error message="File Combinations.yaml does not exist in directory /Users/brawner/workspace/baking/classes/./" type="java.lang.RuntimeException">java.lang.RuntimeException: File Combinations.yaml does not exist in directory /Users/brawner/workspace/baking/classes/./
	at edu.brown.cs.h2r.baking.Knowledgebase.BakingParser.generateMap(Unknown Source)
	at edu.brown.cs.h2r.baking.Knowledgebase.BakingParser.&lt;init&gt;(Unknown Source)
	at edu.brown.cs.h2r.baking.Knowledgebase.IngredientKnowledgebase.&lt;init&gt;(Unknown Source)
	at edu.brown.cs.h2r.baking.Recipes.Recipe.&lt;init&gt;(Unknown Source)
	at edu.brown.cs.h2r.baking.Recipes.Brownies.&lt;init&gt;(Unknown Source)
	at edu.brown.cs.h2r.baking.Testing.TestActions.testMixActionOnStove(Unknown Source)
</error>
  </testcase>
  <testcase classname="edu.brown.cs.h2r.baking.Testing.TestActions" name="testMoveAction" time="0.015">
    <error message="File Combinations.yaml does not exist in directory /Users/brawner/workspace/baking/classes/./" type="java.lang.RuntimeException">java.lang.RuntimeException: File Combinations.yaml does not exist in directory /Users/brawner/workspace/baking/classes/./
	at edu.brown.cs.h2r.baking.Knowledgebase.BakingParser.generateMap(Unknown Source)
	at edu.brown.cs.h2r.baking.Knowledgebase.BakingParser.&lt;init&gt;(Unknown Source)
	at edu.brown.cs.h2r.baking.Knowledgebase.IngredientKnowledgebase.&lt;init&gt;(Unknown Source)
	at edu.brown.cs.h2r.baking.Recipes.Recipe.&lt;init&gt;(Unknown Source)
	at edu.brown.cs.h2r.baking.Recipes.Brownies.&lt;init&gt;(Unknown Source)
	at edu.brown.cs.h2r.baking.Testing.TestActions.testMoveAction(Unknown Source)
</error>
  </testcase>
  <testcase classname="edu.brown.cs.h2r.baking.Testing.TestActions" name="testMoveActionBake" time="0.0040">
    <error message="File Combinations.yaml does not exist in directory /Users/brawner/workspace/baking/classes/./" type="java.lang.RuntimeException">java.lang.RuntimeException: File Combinations.yaml does not exist in directory /Users/brawner/workspace/baking/classes/./
	at edu.brown.cs.h2r.baking.Knowledgebase.BakingParser.generateMap(Unknown Source)
	at edu.brown.cs.h2r.baking.Knowledgebase.BakingParser.&lt;init&gt;(Unknown Source)
	at edu.brown.cs.h2r.baking.Knowledgebase.IngredientKnowledgebase.&lt;init&gt;(Unknown Source)
	at edu.brown.cs.h2r.baking.Recipes.Recipe.&lt;init&gt;(Unknown Source)
	at edu.brown.cs.h2r.baking.Recipes.Brownies.&lt;init&gt;(Unknown Source)
	at edu.brown.cs.h2r.baking.Testing.TestActions.testMoveActionBake(Unknown Source)
</error>
  </testcase>
  <testcase classname="edu.brown.cs.h2r.baking.Testing.TestActions" name="testMoveActionMelt" time="0.0030">
    <error message="File Combinations.yaml does not exist in directory /Users/brawner/workspace/baking/classes/./" type="java.lang.RuntimeException">java.lang.RuntimeException: File Combinations.yaml does not exist in directory /Users/brawner/workspace/baking/classes/./
	at edu.brown.cs.h2r.baking.Knowledgebase.BakingParser.generateMap(Unknown Source)
	at edu.brown.cs.h2r.baking.Knowledgebase.BakingParser.&lt;init&gt;(Unknown Source)
	at edu.brown.cs.h2r.baking.Knowledgebase.IngredientKnowledgebase.&lt;init&gt;(Unknown Source)
	at edu.brown.cs.h2r.baking.Recipes.Recipe.&lt;init&gt;(Unknown Source)
	at edu.brown.cs.h2r.baking.Recipes.Brownies.&lt;init&gt;(Unknown Source)
	at edu.brown.cs.h2r.baking.Testing.TestActions.testMoveActionMelt(Unknown Source)
</error>
  </testcase>
  <testcase classname="edu.brown.cs.h2r.baking.Testing.TestActions" name="testPourAction" time="0.0030">
    <error message="File Combinations.yaml does not exist in directory /Users/brawner/workspace/baking/classes/./" type="java.lang.RuntimeException">java.lang.RuntimeException: File Combinations.yaml does not exist in directory /Users/brawner/workspace/baking/classes/./
	at edu.brown.cs.h2r.baking.Knowledgebase.BakingParser.generateMap(Unknown Source)
	at edu.brown.cs.h2r.baking.Knowledgebase.BakingParser.&lt;init&gt;(Unknown Source)
	at edu.brown.cs.h2r.baking.Knowledgebase.IngredientKnowledgebase.&lt;init&gt;(Unknown Source)
	at edu.brown.cs.h2r.baking.Recipes.Recipe.&lt;init&gt;(Unknown Source)
	at edu.brown.cs.h2r.baking.Recipes.Brownies.&lt;init&gt;(Unknown Source)
	at edu.brown.cs.h2r.baking.Testing.TestActions.testPourAction(Unknown Source)
</error>
  </testcase>
  <testcase classname="edu.brown.cs.h2r.baking.Testing.TestActions" name="testPourToStove" time="0.0020">
    <error message="File Combinations.yaml does not exist in directory /Users/brawner/workspace/baking/classes/./" type="java.lang.RuntimeException">java.lang.RuntimeException: File Combinations.yaml does not exist in directory /Users/brawner/workspace/baking/classes/./
	at edu.brown.cs.h2r.baking.Knowledgebase.BakingParser.generateMap(Unknown Source)
	at edu.brown.cs.h2r.baking.Knowledgebase.BakingParser.&lt;init&gt;(Unknown Source)
	at edu.brown.cs.h2r.baking.Knowledgebase.IngredientKnowledgebase.&lt;init&gt;(Unknown Source)
	at edu.brown.cs.h2r.baking.Recipes.Recipe.&lt;init&gt;(Unknown Source)
	at edu.brown.cs.h2r.baking.Recipes.Brownies.&lt;init&gt;(Unknown Source)
	at edu.brown.cs.h2r.baking.Testing.TestActions.testPourToStove(Unknown Source)
</error>
  </testcase>
  <testcase classname="edu.brown.cs.h2r.baking.Testing.TestActions" name="testSwitchAction" time="0.0020">
    <error message="File Combinations.yaml does not exist in directory /Users/brawner/workspace/baking/classes/./" type="java.lang.RuntimeException">java.lang.RuntimeException: File Combinations.yaml does not exist in directory /Users/brawner/workspace/baking/classes/./
	at edu.brown.cs.h2r.baking.Knowledgebase.BakingParser.generateMap(Unknown Source)
	at edu.brown.cs.h2r.baking.Knowledgebase.BakingParser.&lt;init&gt;(Unknown Source)
	at edu.brown.cs.h2r.baking.Knowledgebase.IngredientKnowledgebase.&lt;init&gt;(Unknown Source)
	at edu.brown.cs.h2r.baking.Recipes.Recipe.&lt;init&gt;(Unknown Source)
	at edu.brown.cs.h2r.baking.Recipes.Brownies.&lt;init&gt;(Unknown Source)
	at edu.brown.cs.h2r.baking.Testing.TestActions.testSwitchAction(Unknown Source)
</error>
  </testcase>
  <testcase classname="edu.brown.cs.h2r.baking.Testing.TestActions" name="testSwitchActionBake" time="0.0020">
    <error message="File Combinations.yaml does not exist in directory /Users/brawner/workspace/baking/classes/./" type="java.lang.RuntimeException">java.lang.RuntimeException: File Combinations.yaml does not exist in directory /Users/brawner/workspace/baking/classes/./
	at edu.brown.cs.h2r.baking.Knowledgebase.BakingParser.generateMap(Unknown Source)
	at edu.brown.cs.h2r.baking.Knowledgebase.BakingParser.&lt;init&gt;(Unknown Source)
	at edu.brown.cs.h2r.baking.Knowledgebase.IngredientKnowledgebase.&lt;init&gt;(Unknown Source)
	at edu.brown.cs.h2r.baking.Recipes.Recipe.&lt;init&gt;(Unknown Source)
	at edu.brown.cs.h2r.baking.Recipes.Brownies.&lt;init&gt;(Unknown Source)
	at edu.brown.cs.h2r.baking.Testing.TestActions.testSwitchActionBake(Unknown Source)
</error>
  </testcase>
  <testcase classname="edu.brown.cs.h2r.baking.Testing.TestActions" name="testSwitchActionMelt" time="0.0020">
    <error message="File Combinations.yaml does not exist in directory /Users/brawner/workspace/baking/classes/./" type="java.lang.RuntimeException">java.lang.RuntimeException: File Combinations.yaml does not exist in directory /Users/brawner/workspace/baking/classes/./
	at edu.brown.cs.h2r.baking.Knowledgebase.BakingParser.generateMap(Unknown Source)
	at edu.brown.cs.h2r.baking.Knowledgebase.BakingParser.&lt;init&gt;(Unknown Source)
	at edu.brown.cs.h2r.baking.Knowledgebase.IngredientKnowledgebase.&lt;init&gt;(Unknown Source)
	at edu.brown.cs.h2r.baking.Recipes.Recipe.&lt;init&gt;(Unknown Source)
	at edu.brown.cs.h2r.baking.Recipes.Brownies.&lt;init&gt;(Unknown Source)
	at edu.brown.cs.h2r.baking.Testing.TestActions.testSwitchActionMelt(Unknown Source)
</error>
  </testcase>
  <testcase classname="edu.brown.cs.h2r.baking.Testing.TestActions" name="testUseAction" time="0.0030">
    <error message="File Combinations.yaml does not exist in directory /Users/brawner/workspace/baking/classes/./" type="java.lang.RuntimeException">java.lang.RuntimeException: File Combinations.yaml does not exist in directory /Users/brawner/workspace/baking/classes/./
	at edu.brown.cs.h2r.baking.Knowledgebase.BakingParser.generateMap(Unknown Source)
	at edu.brown.cs.h2r.baking.Knowledgebase.BakingParser.&lt;init&gt;(Unknown Source)
	at edu.brown.cs.h2r.baking.Knowledgebase.IngredientKnowledgebase.&lt;init&gt;(Unknown Source)
	at edu.brown.cs.h2r.baking.Recipes.Recipe.&lt;init&gt;(Unknown Source)
	at edu.brown.cs.h2r.baking.Recipes.MashedPotatoes.&lt;init&gt;(Unknown Source)
	at edu.brown.cs.h2r.baking.Testing.TestActions.testUseAction(Unknown Source)
</error>
  </testcase>
  <testcase classname="edu.brown.cs.h2r.baking.Testing.TestConstrainedStateSpace" name="testExplorer" time="0.0080" />
  <system-out><![CDATA[]]></system-out>
  <system-err><![CDATA[]]></system-err>
</testsuite>
